<?xml version="1.0" encoding="UTF-8"?>
<testsuite xmlns:xsi="http://www.w3.org/2001/XMLSchema-instance" xsi:noNamespaceSchemaLocation="https://maven.apache.org/surefire/maven-surefire-plugin/xsd/surefire-test-report-3.0.xsd" version="3.0" name="model.SalarieTest" time="0.099" tests="5" errors="0" skipped="0" failures="1">
  <properties>
[...]
</properties>
  <testcase name="testGetEchelon" classname="model.SalarieTest" time="0.026"/>
  <testcase name="testSetEchelon" classname="model.SalarieTest" time="0.002">
    <system-out><![CDATA[setEchelon
]]></system-out>
  </testcase>
  <testcase name="testCalculCoutProjet" classname="model.SalarieTest" time="0.002">
    <system-out><![CDATA[calculCoutProjet
]]></system-out>
  </testcase>
  <testcase name="testGetDtEmbauche" classname="model.SalarieTest" time="0.012">
    <failure message="expected: &lt;&gt; but was: &lt;null&gt;" type="org.opentest4j.AssertionFailedError"><![CDATA[org.opentest4j.AssertionFailedError: expected: <> but was: <null>
	at org.junit.jupiter.api.AssertionFailureBuilder.build(AssertionFailureBuilder.java:151)
	at org.junit.jupiter.api.AssertionFailureBuilder.buildAndThrow(AssertionFailureBuilder.java:132)
	at org.junit.jupiter.api.AssertEquals.failNotEqual(AssertEquals.java:197)
	at org.junit.jupiter.api.AssertEquals.assertEquals(AssertEquals.java:182)
	at org.junit.jupiter.api.AssertEquals.assertEquals(AssertEquals.java:177)
	at org.junit.jupiter.api.Assertions.assertEquals(Assertions.java:1145)
	at model.SalarieTest.testGetDtEmbauche(SalarieTest.java:48)
	at java.base/java.lang.reflect.Method.invoke(Method.java:565)
	at java.base/java.util.ArrayList.forEach(ArrayList.java:1604)
	at java.base/java.util.ArrayList.forEach(ArrayList.java:1604)
]]></failure>
    <system-out><![CDATA[getDtEmbauche
]]></system-out>
  </testcase>
  <testcase name="testSetDtEmbauche" classname="model.SalarieTest" time="0.001">
    <system-out><![CDATA[setDtEmbauche
]]></system-out>
  </testcase>
</testsuite>